[debug] [2026-03-28T03:27:16.983Z] ----------------------------------------------------------------------
[debug] [2026-03-28T03:27:16.986Z] Command:       /usr/local/bin/node /usr/local/bin/firebase init
[debug] [2026-03-28T03:27:16.987Z] CLI Version:   15.12.0
[debug] [2026-03-28T03:27:16.987Z] Platform:      linux
[debug] [2026-03-28T03:27:16.987Z] Node Version:  v20.20.2
[debug] [2026-03-28T03:27:16.987Z] Time:          Sat Mar 28 2026 08:57:16 GMT+0530 (India Standard Time)
[debug] [2026-03-28T03:27:16.988Z] ----------------------------------------------------------------------
[debug] 
[info] 
     ######## #### ########  ######## ########     ###     ######  ########
     ##        ##  ##     ## ##       ##     ##  ##   ##  ##       ##
     ######    ##  ########  ######   ########  #########  ######  ######
     ##        ##  ##    ##  ##       ##     ## ##     ##       ## ##
     ##       #### ##     ## ######## ########  ##     ##  ######  ########

You're about to initialize a Firebase project in this directory:

  /home/arjun/Documents/tracker

[debug] [2026-03-28T04:11:34.266Z] Error: setRawMode EIO
    at ReadStream.setRawMode (node:tty:76:24)
    at [_setRawMode] [as _setRawMode] (node:internal/readline/interface:377:18)
    at Interface.close (node:internal/readline/interface:527:24)
    at ReadStream.ontermend (node:internal/readline/interface:263:10)
    at ReadStream.emit (node:events:536:35)
    at endReadableNT (node:internal/streams/readable:1698:12)
    at process.processTicksAndRejections (node:internal/process/task_queues:82:21)
